<?xml version="1.0" encoding="UTF-8"?>
<!-- Generated by org.testng.reporters.JUnitReportReporter -->
<testsuite hostname="Workstation" failures="0" tests="1" name="facebook.tests.Login_test" time="27.922" errors="0" timestamp="2024-11-03T12:54:47 IST" skipped="0">
  <testcase classname="facebook.tests.Login_test" name="logintest" time="27.922"/>
  <system-out/>
</testsuite> <!-- facebook.tests.Login_test -->
