<?xml version="1.0" encoding="UTF-8"?>
<!-- Generated by org.testng.reporters.JUnitReportReporter -->
<testsuite hostname="Workstation" failures="0" tests="4" name="TestNG.TestNG_03" time="0.002" errors="0" timestamp="2024-10-21T20:33:30 IST" skipped="0">
  <testcase classname="TestNG.TestNG_03" name="a" time="0.001"/>
  <system-out/>
  <testcase classname="TestNG.TestNG_03" name="d" time="0.000"/>
  <system-out/>
  <testcase classname="TestNG.TestNG_03" name="c" time="0.001"/>
  <system-out/>
  <testcase classname="TestNG.TestNG_03" name="b" time="0.000"/>
  <system-out/>
</testsuite> <!-- TestNG.TestNG_03 -->
