<?xml version="1.0" encoding="UTF-8"?>
<!-- Generated by org.testng.reporters.JUnitReportReporter -->
<testsuite hostname="Workstation" failures="0" tests="4" name="TestNG.TestNG_05" time="0.003" errors="0" timestamp="2024-10-21T20:33:30 IST" skipped="1">
  <testcase classname="TestNG.TestNG_05" name="c" time="0.001"/>
  <system-out/>
  <testcase classname="TestNG.TestNG_05" name="c" time="0.001"/>
  <system-out/>
  <testcase classname="TestNG.TestNG_05" name="a" time="0.001"/>
  <system-out/>
  <testcase classname="TestNG.TestNG_05" name="b">
    <skipped/>
  </testcase> <!-- b -->
  <system-out/>
</testsuite> <!-- TestNG.TestNG_05 -->
