<?xml version="1.0" encoding="UTF-8"?>
<!-- Generated by org.testng.reporters.JUnitReportReporter -->
<testsuite hostname="Workstation" failures="0" tests="1" name="TestNG.Assertion_03" time="0.007" errors="0" timestamp="2024-10-21T20:33:30 IST" skipped="0">
  <testcase classname="TestNG.Assertion_03" name="TC_04" time="0.007"/>
  <system-out/>
</testsuite> <!-- TestNG.Assertion_03 -->
