<?xml version="1.0" encoding="UTF-8"?>
<!-- Generated by org.testng.reporters.JUnitReportReporter -->
<testsuite hostname="Workstation" failures="0" tests="1" name="facebook.tests.PageFactory_LoginTest" time="0.391" errors="0" timestamp="2024-11-01T15:56:45 IST" skipped="0">
  <testcase classname="facebook.tests.PageFactory_LoginTest" name="logintest" time="0.391"/>
  <system-out/>
</testsuite> <!-- facebook.tests.PageFactory_LoginTest -->
