<?xml version="1.0" encoding="UTF-8"?>
<!-- Generated by org.testng.reporters.JUnitReportReporter -->
<testsuite hostname="Workstation" failures="0" tests="5" name="TestNG.TestNG_04" time="0.002" errors="0" timestamp="2024-10-21T20:33:30 IST" skipped="2">
  <testcase classname="TestNG.TestNG_04" name="d" time="0.000"/>
  <system-out/>
  <testcase classname="TestNG.TestNG_04" name="f" time="0.000">
    <skipped/>
  </testcase> <!-- f -->
  <system-out/>
  <testcase classname="TestNG.TestNG_04" name="c" time="0.001"/>
  <system-out/>
  <testcase classname="TestNG.TestNG_04" name="d" time="0.001"/>
  <system-out/>
  <testcase classname="TestNG.TestNG_04" name="b">
    <skipped/>
  </testcase> <!-- b -->
  <system-out/>
</testsuite> <!-- TestNG.TestNG_04 -->
