<?xml version="1.0" encoding="UTF-8"?>
<!-- Generated by org.testng.reporters.JUnitReportReporter -->
<testsuite hostname="Workstation" failures="0" tests="3" name="TestNG.TestNG_01" time="0.005" errors="0" timestamp="2024-10-21T20:33:30 IST" skipped="0">
  <testcase classname="TestNG.TestNG_01" name="testcase03" time="0.002"/>
  <system-out/>
  <testcase classname="TestNG.TestNG_01" name="testcase01" time="0.001"/>
  <system-out/>
  <testcase classname="TestNG.TestNG_01" name="testcase02" time="0.002"/>
  <system-out/>
</testsuite> <!-- TestNG.TestNG_01 -->
